<?xml version="1.0" encoding="UTF-8"?>
<!-- Generated by org.testng.reporters.JUnitReportReporter -->
<testsuite hostname="LAPTOP-CSQ05HN8" failures="0" tests="1" name="HandlingStandalone.HandlingNotepad" time="0.016" errors="0" timestamp="2023-08-21T08:53:23 IST" skipped="0">
  <testcase classname="HandlingStandalone.HandlingNotepad" name="m2" time="0.016"/>
  <system-out/>
</testsuite> <!-- HandlingStandalone.HandlingNotepad -->
