<?xml version="1.0" encoding="UTF-8"?>
<!-- Generated by org.testng.reporters.JUnitReportReporter -->
<testsuite hostname="LAPTOP-CSQ05HN8" failures="0" tests="1" name="HandlingStandalone.maven1" time="0.011" errors="0" timestamp="2023-08-21T08:53:42 IST" skipped="0">
  <testcase classname="HandlingStandalone.maven1" name="m1" time="0.011"/>
  <system-out/>
</testsuite> <!-- HandlingStandalone.maven1 -->
