<?xml version="1.0" encoding="UTF-8"?>
<!-- Generated by org.testng.reporters.JUnitReportReporter -->
<testsuite hostname="LAPTOP-L1K1GU7S" failures="0" tests="1" name="tutorialNinja.register.TC_RF_021" time="7.519" errors="0" timestamp="2025-05-19T16:35:13 IST" skipped="0">
  <testcase classname="tutorialNinja.register.TC_RF_021" name="verifyRegisteringAccountWithoutPrivacyPolicySelection" time="7.519"/>
</testsuite> <!-- tutorialNinja.register.TC_RF_021 -->
