<?xml version="1.0" encoding="UTF-8"?>
<!-- Generated by org.testng.reporters.JUnitReportReporter -->
<testsuite hostname="LAPTOP-L1K1GU7S" failures="0" tests="1" name="tutorialNinja.register.TC_RF_020" time="8.841" errors="0" timestamp="2025-05-18T12:15:01 IST" skipped="0">
  <testcase classname="tutorialNinja.register.TC_RF_020" name="verifyPrivacyPolicyFieldOnRegisterAccountPage" time="8.841"/>
</testsuite> <!-- tutorialNinja.register.TC_RF_020 -->
