<?xml version="1.0" encoding="UTF-8"?>
<!-- Generated by org.testng.reporters.JUnitReportReporter -->
<testsuite hostname="LAPTOP-L1K1GU7S" failures="0" tests="1" name="tutorialNinja.register.TC_RF_009" time="8.687" errors="0" timestamp="2025-05-19T14:33:29 IST" skipped="0">
  <testcase classname="tutorialNinja.register.TC_RF_009" name="verifyRegistringAccountUsingExistingEmail" time="8.687"/>
</testsuite> <!-- tutorialNinja.register.TC_RF_009 -->
