<?xml version="1.0" encoding="UTF-8"?>
<!-- Generated by org.testng.reporters.JUnitReportReporter -->
<testsuite hostname="LAPTOP-L1K1GU7S" failures="0" tests="3" name="tutorialNinja.register.TC_RF_027" time="31.778" errors="0" timestamp="2025-05-18T16:57:02 IST" skipped="0">
  <testcase classname="tutorialNinja.register.TC_RF_027" name="verifyRegisteringAccountInDifferentTestEnvironments" time="9.377"/>
  <testcase classname="tutorialNinja.register.TC_RF_027" name="verifyRegisteringAccountInDifferentTestEnvironments" time="11.561"/>
  <testcase classname="tutorialNinja.register.TC_RF_027" name="verifyRegisteringAccountInDifferentTestEnvironments" time="10.840"/>
</testsuite> <!-- tutorialNinja.register.TC_RF_027 -->
