<?xml version="1.0" encoding="UTF-8"?>
<!-- Generated by org.testng.reporters.JUnitReportReporter -->
<testsuite hostname="LAPTOP-L1K1GU7S" failures="0" tests="1" name="tutorialNinja.register.TC_RF_010" time="28.472" errors="0" timestamp="2025-05-19T14:38:10 IST" skipped="0">
  <testcase classname="tutorialNinja.register.TC_RF_010" name="verifyRegisteringAccountUsingInvalidEmail" time="28.472"/>
</testsuite> <!-- tutorialNinja.register.TC_RF_010 -->
