<?xml version="1.0" encoding="UTF-8"?>
<!-- Generated by org.testng.reporters.JUnitReportReporter -->
<testsuite hostname="LAPTOP-L1K1GU7S" failures="0" tests="1" name="tutorialNinja.register.TC_RF_005" time="9.953" errors="0" timestamp="2025-05-19T14:24:34 IST" skipped="0">
  <testcase classname="tutorialNinja.register.TC_RF_005" name="verifyRegisteringAccountBySubscribingToNewsletter" time="9.953"/>
</testsuite> <!-- tutorialNinja.register.TC_RF_005 -->
