<?xml version="1.0" encoding="UTF-8"?>
<!-- Generated by org.testng.reporters.JUnitReportReporter -->
<testsuite hostname="LAPTOP-L1K1GU7S" failures="0" tests="2" name="tutorialNinja.register.TC_RF_001" time="21.924" errors="0" timestamp="2025-05-21T14:06:44 IST" skipped="0">
  <testcase classname="tutorialNinja.register.TC_RF_001" name="verifyRegistering" time="10.313"/>
  <testcase classname="tutorialNinja.register.TC_RF_001" name="verifyRegisterAccountWithAllFields" time="11.611"/>
</testsuite> <!-- tutorialNinja.register.TC_RF_001 -->
