<?xml version="1.0" encoding="UTF-8"?>
<!-- Generated by org.testng.reporters.JUnitReportReporter -->
<testsuite hostname="LAPTOP-L1K1GU7S" failures="0" tests="1" name="tutorialNinja.register.TC_RF_007" time="10.496" errors="0" timestamp="2025-05-19T14:27:17 IST" skipped="0">
  <testcase classname="tutorialNinja.register.TC_RF_007" name="verifyNavigatingToRegisterAccountUsingMultipleWay" time="10.496"/>
</testsuite> <!-- tutorialNinja.register.TC_RF_007 -->
