<?xml version="1.0" encoding="UTF-8"?>
<!-- Generated by org.testng.reporters.JUnitReportReporter -->
<testsuite hostname="LAPTOP-L1K1GU7S" failures="0" tests="1" name="tutorialNinja.register.TC_RF_008" time="8.693" errors="0" timestamp="2025-05-19T14:29:31 IST" skipped="0">
  <testcase classname="tutorialNinja.register.TC_RF_008" name="verifyRegisteringAccountByProvidingMismatchingPasswords" time="8.693"/>
</testsuite> <!-- tutorialNinja.register.TC_RF_008 -->
