<?xml version="1.0" encoding="UTF-8"?>
<!-- Generated by org.testng.reporters.JUnitReportReporter -->
<testsuite hostname="LAPTOP-L1K1GU7S" failures="0" tests="1" name="tutorialNinja.register.TC_RF_016" time="8.744" errors="0" timestamp="2025-05-18T16:57:02 IST" skipped="0">
  <testcase classname="tutorialNinja.register.TC_RF_016" name="verifyRegisteringAccountWithOnlySpaces" time="8.744"/>
</testsuite> <!-- tutorialNinja.register.TC_RF_016 -->
